[0325/225841:ERROR:process_info.cc(608)] range at 0xff72e000, size 0x230 fully unreadable
[0325/225841:ERROR:process_reader_win.cc(232)] ReadMemory at 0xb5c3d8 of 72 bytes failed: Only part of a ReadProcessMemory or WriteProcessMemory request was completed. (0x12B)
[0325/225841:ERROR:process_reader_win.cc(232)] ReadMemory at 0xb54c68 of 72 bytes failed: Only part of a ReadProcessMemory or WriteProcessMemory request was completed. (0x12B)
[0325/225841:ERROR:process_reader_win.cc(232)] ReadMemory at 0xb54b88 of 72 bytes failed: Only part of a ReadProcessMemory or WriteProcessMemory request was completed. (0x12B)
[0325/225841:ERROR:process_reader_win.cc(232)] ReadMemory at 0xb51c98 of 784 bytes failed: Only part of a ReadProcessMemory or WriteProcessMemory request was completed. (0x12B)
[0325/225841:ERROR:process_snapshot_win.cc(302)] ReadMemory RTL_USER_PROCESS_PARAMETERS
[0325/225841:ERROR:process_reader_win.cc(98)] process 11044 not found
[0325/225841:ERROR:process_reader_win.cc(232)] ReadMemory at 0x880000 of 64 bytes failed: Only part of a ReadProcessMemory or WriteProcessMemory request was completed. (0x12B)
[0325/225841:WARNING:pe_image_reader.cc(280)] could not read dos header from C:\Program Files (x86)\Google\Chrome\Application\chrome.exe
[0325/225841:ERROR:process_reader_win.cc(232)] ReadMemory at 0x77070000 of 64 bytes failed: Only part of a ReadProcessMemory or WriteProcessMemory request was completed. (0x12B)
[0325/225841:WARNING:pe_image_reader.cc(280)] could not read dos header from C:\windows\SYSTEM32\ntdll.dll
[0325/225841:ERROR:process_reader_win.cc(232)] ReadMemory at 0x76570000 of 64 bytes failed: Only part of a ReadProcessMemory or WriteProcessMemory request was completed. (0x12B)
[0325/225841:WARNING:pe_image_reader.cc(280)] could not read dos header from C:\windows\SYSTEM32\KERNELBASE.dll
[0325/225841:ERROR:process_reader_win.cc(232)] ReadMemory at 0x75d90000 of 64 bytes failed: Only part of a ReadProcessMemory or WriteProcessMemory request was completed. (0x12B)
[0325/225841:WARNING:pe_image_reader.cc(280)] could not read dos header from C:\windows\SYSTEM32\KERNEL32.DLL
[0325/225841:ERROR:process_reader_win.cc(232)] ReadMemory at 0x76030000 of 64 bytes failed: Only part of a ReadProcessMemory or WriteProcessMemory request was completed. (0x12B)
[0325/225841:WARNING:pe_image_reader.cc(280)] could not read dos header from C:\windows\SYSTEM32\msvcrt.dll
[0325/225841:ERROR:process_reader_win.cc(232)] ReadMemory at 0x747f0000 of 64 bytes failed: Only part of a ReadProcessMemory or WriteProcessMemory request was completed. (0x12B)
[0325/225841:WARNING:pe_image_reader.cc(280)] could not read dos header from C:\windows\SYSTEM32\bcryptPrimitives.dll
[0325/225841:ERROR:process_reader_win.cc(232)] ReadMemory at 0x74850000 of 64 bytes failed: Only part of a ReadProcessMemory or WriteProcessMemory request was completed. (0x12B)
[0325/225841:WARNING:pe_image_reader.cc(280)] could not read dos header from C:\windows\SYSTEM32\CRYPTBASE.dll
[0325/225841:ERROR:process_reader_win.cc(232)] ReadMemory at 0x74860000 of 64 bytes failed: Only part of a ReadProcessMemory or WriteProcessMemory request was completed. (0x12B)
[0325/225841:WARNING:pe_image_reader.cc(280)] could not read dos header from C:\windows\SYSTEM32\SspiCli.dll
[0325/225841:ERROR:process_reader_win.cc(232)] ReadMemory at 0x75cd0000 of 64 bytes failed: Only part of a ReadProcessMemory or WriteProcessMemory request was completed. (0x12B)
[0325/225841:WARNING:pe_image_reader.cc(280)] could not read dos header from C:\windows\SYSTEM32\RPCRT4.dll
[0325/225841:ERROR:process_reader_win.cc(232)] ReadMemory at 0x76100000 of 64 bytes failed: Only part of a ReadProcessMemory or WriteProcessMemory request was completed. (0x12B)
[0325/225841:WARNING:pe_image_reader.cc(280)] could not read dos header from C:\windows\SYSTEM32\sechost.dll
[0325/225841:ERROR:process_reader_win.cc(232)] ReadMemory at 0x766e0000 of 64 bytes failed: Only part of a ReadProcessMemory or WriteProcessMemory request was completed. (0x12B)
[0325/225841:WARNING:pe_image_reader.cc(280)] could not read dos header from C:\windows\SYSTEM32\ADVAPI32.dll
[0325/225841:ERROR:process_reader_win.cc(232)] ReadMemory at 0x65b60000 of 64 bytes failed: Only part of a ReadProcessMemory or WriteProcessMemory request was completed. (0x12B)
[0325/225841:WARNING:pe_image_reader.cc(280)] could not read dos header from C:\Program Files (x86)\Google\Chrome\Application\49.0.2623.87\chrome_elf.dll
[0325/225841:ERROR:process_reader_win.cc(232)] ReadMemory at 0x76160000 of 64 bytes failed: Only part of a ReadProcessMemory or WriteProcessMemory request was completed. (0x12B)
[0325/225841:WARNING:pe_image_reader.cc(280)] could not read dos header from C:\windows\SYSTEM32\combase.dll
[0325/225841:ERROR:process_reader_win.cc(232)] ReadMemory at 0x71ab0000 of 64 bytes failed: Only part of a ReadProcessMemory or WriteProcessMemory request was completed. (0x12B)
[0325/225841:WARNING:pe_image_reader.cc(280)] could not read dos header from C:\windows\SYSTEM32\WINHTTP.dll
[0325/225841:ERROR:process_reader_win.cc(232)] ReadMemory at 0x745e0000 of 64 bytes failed: Only part of a ReadProcessMemory or WriteProcessMemory request was completed. (0x12B)
[0325/225841:WARNING:pe_image_reader.cc(280)] could not read dos header from C:\windows\SYSTEM32\VERSION.dll
[0325/225841:ERROR:process_reader_win.cc(232)] ReadMemory at 0x76f60000 of 64 bytes failed: Only part of a ReadProcessMemory or WriteProcessMemory request was completed. (0x12B)
[0325/225841:WARNING:pe_image_reader.cc(280)] could not read dos header from C:\windows\SYSTEM32\cfgmgr32.dll
[0325/225841:ERROR:process_reader_win.cc(232)] ReadMemory at 0x72ea0000 of 64 bytes failed: Only part of a ReadProcessMemory or WriteProcessMemory request was completed. (0x12B)
[0325/225841:WARNING:pe_image_reader.cc(280)] could not read dos header from C:\windows\SYSTEM32\DEVOBJ.dll
[0325/225841:ERROR:process_reader_win.cc(232)] ReadMemory at 0x72ed0000 of 64 bytes failed: Only part of a ReadProcessMemory or WriteProcessMemory request was completed. (0x12B)
[0325/225841:WARNING:pe_image_reader.cc(280)] could not read dos header from C:\windows\SYSTEM32\WINMMBASE.dll
[0325/225841:ERROR:process_reader_win.cc(232)] ReadMemory at 0x76b00000 of 64 bytes failed: Only part of a ReadProcessMemory or WriteProcessMemory request was completed. (0x12B)
[0325/225841:WARNING:pe_image_reader.cc(280)] could not read dos header from C:\windows\SYSTEM32\GDI32.dll
[0325/225841:ERROR:process_reader_win.cc(232)] ReadMemory at 0x75ed0000 of 64 bytes failed: Only part of a ReadProcessMemory or WriteProcessMemory request was completed. (0x12B)
[0325/225841:WARNING:pe_image_reader.cc(280)] could not read dos header from C:\windows\SYSTEM32\USER32.dll
[0325/225841:ERROR:process_reader_win.cc(232)] ReadMemory at 0x767a0000 of 64 bytes failed: Only part of a ReadProcessMemory or WriteProcessMemory request was completed. (0x12B)
[0325/225841:WARNING:pe_image_reader.cc(280)] could not read dos header from C:\windows\SYSTEM32\MSCTF.dll
[0325/225841:ERROR:process_reader_win.cc(232)] ReadMemory at 0x76770000 of 64 bytes failed: Only part of a ReadProcessMemory or WriteProcessMemory request was completed. (0x12B)
[0325/225841:WARNING:pe_image_reader.cc(280)] could not read dos header from C:\windows\system32\IMM32.DLL
[0325/225841:ERROR:process_reader_win.cc(232)] ReadMemory at 0x74140000 of 64 bytes failed: Only part of a ReadProcessMemory or WriteProcessMemory request was completed. (0x12B)
[0325/225841:WARNING:pe_image_reader.cc(280)] could not read dos header from C:\windows\SYSTEM32\WINMM.dll
[0325/225841:ERROR:process_reader_win.cc(232)] ReadMemory at 0x72e00000 of 64 bytes failed: Only part of a ReadProcessMemory or WriteProcessMemory request was completed. (0x12B)
[0325/225841:WARNING:pe_image_reader.cc(280)] could not read dos header from C:\windows\SYSTEM32\profapi.dll
[0325/225841:ERROR:process_reader_win.cc(232)] ReadMemory at 0x72d90000 of 64 bytes failed: Only part of a ReadProcessMemory or WriteProcessMemory request was completed. (0x12B)
[0325/225841:WARNING:pe_image_reader.cc(280)] could not read dos header from C:\windows\SYSTEM32\USERENV.dll
[0325/225841:ERROR:process_reader_win.cc(232)] ReadMemory at 0x72d70000 of 64 bytes failed: Only part of a ReadProcessMemory or WriteProcessMemory request was completed. (0x12B)
[0325/225841:WARNING:pe_image_reader.cc(280)] could not read dos header from C:\windows\SYSTEM32\WTSAPI32.dll
[0325/225841:ERROR:process_reader_win.cc(232)] ReadMemory at 0x76ab0000 of 64 bytes failed: Only part of a ReadProcessMemory or WriteProcessMemory request was completed. (0x12B)
[0325/225841:WARNING:pe_image_reader.cc(280)] could not read dos header from C:\windows\SYSTEM32\SHLWAPI.dll
[0325/225841:ERROR:process_reader_win.cc(232)] ReadMemory at 0x74880000 of 64 bytes failed: Only part of a ReadProcessMemory or WriteProcessMemory request was completed. (0x12B)
[0325/225841:WARNING:pe_image_reader.cc(280)] could not read dos header from C:\windows\SYSTEM32\SHELL32.dll
[0325/225841:ERROR:process_reader_win.cc(232)] ReadMemory at 0x72e10000 of 64 bytes failed: Only part of a ReadProcessMemory or WriteProcessMemory request was completed. (0x12B)
[0325/225841:WARNING:pe_image_reader.cc(280)] could not read dos header from C:\windows\SYSTEM32\shcore.dll
[0325/225841:ERROR:process_reader_win.cc(232)] ReadMemory at 0x764f0000 of 64 bytes failed: Only part of a ReadProcessMemory or WriteProcessMemory request was completed. (0x12B)
[0325/225841:WARNING:pe_image_reader.cc(280)] could not read dos header from C:\windows\SYSTEM32\PSAPI.DLL
[0325/225841:ERROR:process_reader_win.cc(232)] ReadMemory at 0x6b5f0000 of 64 bytes failed: Only part of a ReadProcessMemory or WriteProcessMemory request was completed. (0x12B)
[0325/225841:WARNING:pe_image_reader.cc(280)] could not read dos header from C:\windows\SYSTEM32\WINSPOOL.DRV
[0325/225841:ERROR:process_reader_win.cc(232)] ReadMemory at 0x6bda0000 of 64 bytes failed: Only part of a ReadProcessMemory or WriteProcessMemory request was completed. (0x12B)
[0325/225841:WARNING:pe_image_reader.cc(280)] could not read dos header from C:\windows\WinSxS\x86_microsoft.windows.common-controls_6595b64144ccf1df_6.0.9600.17810_none_a9edf09f013934e0\COMCTL32.dll
[0325/225841:ERROR:process_reader_win.cc(232)] ReadMemory at 0x762e0000 of 64 bytes failed: Only part of a ReadProcessMemory or WriteProcessMemory request was completed. (0x12B)
[0325/225841:WARNING:pe_image_reader.cc(280)] could not read dos header from C:\windows\SYSTEM32\COMDLG32.dll
[0325/225841:ERROR:process_reader_win.cc(232)] ReadMemory at 0x76380000 of 64 bytes failed: Only part of a ReadProcessMemory or WriteProcessMemory request was completed. (0x12B)
[0325/225841:WARNING:pe_image_reader.cc(280)] could not read dos header from C:\windows\SYSTEM32\ole32.dll
[0325/225841:ERROR:process_reader_win.cc(232)] ReadMemory at 0x768d0000 of 64 bytes failed: Only part of a ReadProcessMemory or WriteProcessMemory request was completed. (0x12B)
[0325/225841:WARNING:pe_image_reader.cc(280)] could not read dos header from C:\windows\SYSTEM32\OLEAUT32.dll
[0325/225841:ERROR:process_reader_win.cc(232)] ReadMemory at 0x76560000 of 64 bytes failed: Only part of a ReadProcessMemory or WriteProcessMemory request was completed. (0x12B)
[0325/225841:WARNING:pe_image_reader.cc(280)] could not read dos header from C:\windows\SYSTEM32\NSI.dll
[0325/225841:ERROR:process_reader_win.cc(232)] ReadMemory at 0x724c0000 of 64 bytes failed: Only part of a ReadProcessMemory or WriteProcessMemory request was completed. (0x12B)
[0325/225841:WARNING:pe_image_reader.cc(280)] could not read dos header from C:\windows\SYSTEM32\WINNSI.DLL
[0325/225841:ERROR:process_reader_win.cc(232)] ReadMemory at 0x724d0000 of 64 bytes failed: Only part of a ReadProcessMemory or WriteProcessMemory request was completed. (0x12B)
[0325/225841:WARNING:pe_image_reader.cc(280)] could not read dos header from C:\windows\SYSTEM32\IPHLPAPI.DLL
[0325/225841:ERROR:process_reader_win.cc(232)] ReadMemory at 0x76a60000 of 64 bytes failed: Only part of a ReadProcessMemory or WriteProcessMemory request was completed. (0x12B)
[0325/225841:WARNING:pe_image_reader.cc(280)] could not read dos header from C:\windows\SYSTEM32\WS2_32.dll
[0325/225841:ERROR:process_reader_win.cc(232)] ReadMemory at 0x6b8b0000 of 64 bytes failed: Only part of a ReadProcessMemory or WriteProcessMemory request was completed. (0x12B)
[0325/225841:WARNING:pe_image_reader.cc(280)] could not read dos header from C:\windows\SYSTEM32\USP10.dll
[0325/225841:ERROR:process_reader_win.cc(232)] ReadMemory at 0x76150000 of 64 bytes failed: Only part of a ReadProcessMemory or WriteProcessMemory request was completed. (0x12B)
[0325/225841:WARNING:pe_image_reader.cc(280)] could not read dos header from C:\windows\SYSTEM32\MSASN1.dll
[0325/225841:ERROR:process_reader_win.cc(232)] ReadMemory at 0x75b40000 of 64 bytes failed: Only part of a ReadProcessMemory or WriteProcessMemory request was completed. (0x12B)
[0325/225841:WARNING:pe_image_reader.cc(280)] could not read dos header from C:\windows\SYSTEM32\CRYPT32.dll
[0325/225841:ERROR:process_reader_win.cc(232)] ReadMemory at 0x764b0000 of 64 bytes failed: Only part of a ReadProcessMemory or WriteProcessMemory request was completed. (0x12B)
[0325/225841:WARNING:pe_image_reader.cc(280)] could not read dos header from C:\windows\SYSTEM32\WINTRUST.dll
[0325/225841:ERROR:process_reader_win.cc(232)] ReadMemory at 0x72a00000 of 64 bytes failed: Only part of a ReadProcessMemory or WriteProcessMemory request was completed. (0x12B)
[0325/225841:WARNING:pe_image_reader.cc(280)] could not read dos header from C:\windows\SYSTEM32\Secur32.dll
[0325/225841:ERROR:process_reader_win.cc(232)] ReadMemory at 0xf220000 of 64 bytes failed: Only part of a ReadProcessMemory or WriteProcessMemory request was completed. (0x12B)
[0325/225841:WARNING:pe_image_reader.cc(280)] could not read dos header from C:\Program Files (x86)\Google\Chrome\Application\49.0.2623.87\chrome_child.dll
[0325/225841:ERROR:process_reader_win.cc(232)] ReadMemory at 0x69890000 of 64 bytes failed: Only part of a ReadProcessMemory or WriteProcessMemory request was completed. (0x12B)
[0325/225841:WARNING:pe_image_reader.cc(280)] could not read dos header from C:\windows\SYSTEM32\dwrite.dll
[0325/225841:ERROR:process_reader_win.cc(232)] ReadMemory at 0x92c154 of 12 bytes failed: Only part of a ReadProcessMemory or WriteProcessMemory request was completed. (0x12B)
[0325/225841:WARNING:process_snapshot_win.cc(89)] ReadMemory ExceptionInformation failed
[0325/225841:WARNING:crash_report_exception_handler.cc(60)] ProcessSnapshotWin::InitializeException failed
[0325/225841:ERROR:scoped_process_suspend.cc(38)] NtResumeProcess, ntstatus=-1073741558
